# JRE version: OpenJDK Runtime Environment Temurin-17.0.10+7 (17.0.10+7) (build 17.0.10+7)
# Java VM: OpenJDK 64-Bit Server VM Temurin-17.0.10+7 (17.0.10+7, mixed mode, emulated-client, tiered, compressed oops, compressed class ptrs, g1 gc, windows-amd64)
GC Precious Log:
 CPUs: 8 total, 8 available
 Memory: 16051M
 Large Page Support: Disabled
 NUMA Support: Disabled
 Compressed Oops: Enabled (Zero based)
 Heap Region Size: 2M
 Heap Min Capacity: 8M
 Heap Initial Capacity: 252M
 Heap Max Capacity: 4014M
 Pre-touch: Disabled
 Parallel Workers: 8
 Concurrent Workers: 2
 Concurrent Refinement Workers: 8
 Periodic GC: Disabled
Heap:
 garbage-first heap   total 135168K, used 52352K [0x0000000705200000, 0x0000000800000000)
  region size 2048K, 4 young (8192K), 4 survivors (8192K)
 Metaspace       used 78788K, committed 79296K, reserved 1179648K
  class space    used 10505K, committed 10752K, reserved 1048576K
GC Heap History (20 events):
Event: 3.981 GC heap after
{Heap after GC invocations=12 (full 0):
 garbage-first heap   total 112640K, used 29210K [0x0000000705200000, 0x0000000800000000)
  region size 2048K, 3 young (6144K), 3 survivors (6144K)
 Metaspace       used 56162K, committed 56512K, reserved 1114112K
  class space    used 7287K, committed 7488K, reserved 1048576K
}
Event: 4.909 GC heap before
{Heap before GC invocations=12 (full 0):
 garbage-first heap   total 112640K, used 51738K [0x0000000705200000, 0x0000000800000000)
  region size 2048K, 15 young (30720K), 3 survivors (6144K)
 Metaspace       used 60596K, committed 60928K, reserved 1114112K
  class space    used 7917K, committed 8064K, reserved 1048576K
}
Event: 4.919 GC heap after
{Heap after GC invocations=13 (full 0):
 garbage-first heap   total 112640K, used 32258K [0x0000000705200000, 0x0000000800000000)
  region size 2048K, 3 young (6144K), 3 survivors (6144K)
 Metaspace       used 60596K, committed 60928K, reserved 1114112K
  class space    used 7917K, committed 8064K, reserved 1048576K
}
Event: 5.325 GC heap before
{Heap before GC invocations=14 (full 0):
 garbage-first heap   total 112640K, used 79362K [0x0000000705200000, 0x0000000800000000)
  region size 2048K, 26 young (53248K), 3 survivors (6144K)
 Metaspace       used 64420K, committed 64832K, reserved 1114112K
  class space    used 8579K, committed 8768K, reserved 1048576K
}
Event: 5.333 GC heap after
{Heap after GC invocations=15 (full 0):
 garbage-first heap   total 112640K, used 34358K [0x0000000705200000, 0x0000000800000000)
  region size 2048K, 3 young (6144K), 3 survivors (6144K)
 Metaspace       used 64420K, committed 64832K, reserved 1114112K
  class space    used 8579K, committed 8768K, reserved 1048576K
}
Event: 5.535 GC heap before
{Heap before GC invocations=16 (full 0):
 garbage-first heap   total 112640K, used 83510K [0x0000000705200000, 0x0000000800000000)
  region size 2048K, 27 young (55296K), 3 survivors (6144K)
 Metaspace       used 65879K, committed 66240K, reserved 1114112K
  class space    used 8777K, committed 8960K, reserved 1048576K
}
Event: 5.544 GC heap after
{Heap after GC invocations=17 (full 0):
 garbage-first heap   total 112640K, used 35780K [0x0000000705200000, 0x0000000800000000)
  region size 2048K, 2 young (4096K), 2 survivors (4096K)
 Metaspace       used 65879K, committed 66240K, reserved 1114112K
  class space    used 8777K, committed 8960K, reserved 1048576K
}
Event: 11.405 GC heap before
{Heap before GC invocations=17 (full 0):
 garbage-first heap   total 112640K, used 84932K [0x0000000705200000, 0x0000000800000000)
  region size 2048K, 26 young (53248K), 2 survivors (4096K)
 Metaspace       used 69691K, committed 70080K, reserved 1114112K
  class space    used 9371K, committed 9600K, reserved 1048576K
}
Event: 11.412 GC heap after
{Heap after GC invocations=18 (full 0):
 garbage-first heap   total 135168K, used 37112K [0x0000000705200000, 0x0000000800000000)
  region size 2048K, 3 young (6144K), 3 survivors (6144K)
 Metaspace       used 69691K, committed 70080K, reserved 1114112K
  class space    used 9371K, committed 9600K, reserved 1048576K
}
Event: 11.790 GC heap before
{Heap before GC invocations=18 (full 0):
 garbage-first heap   total 135168K, used 102648K [0x0000000705200000, 0x0000000800000000)
  region size 2048K, 35 young (71680K), 3 survivors (6144K)
 Metaspace       used 73233K, committed 73728K, reserved 1114112K
  class space    used 9821K, committed 10048K, reserved 1048576K
}
Event: 11.796 GC heap after
{Heap after GC invocations=19 (full 0):
 garbage-first heap   total 135168K, used 39821K [0x0000000705200000, 0x0000000800000000)
  region size 2048K, 4 young (8192K), 4 survivors (8192K)
 Metaspace       used 73233K, committed 73728K, reserved 1114112K
  class space    used 9821K, committed 10048K, reserved 1048576K
}
Event: 12.025 GC heap before
{Heap before GC invocations=19 (full 0):
 garbage-first heap   total 135168K, used 103309K [0x0000000705200000, 0x0000000800000000)
  region size 2048K, 35 young (71680K), 4 survivors (8192K)
 Metaspace       used 74088K, committed 74560K, reserved 1114112K
  class space    used 9901K, committed 10112K, reserved 1048576K
}
Event: 12.031 GC heap after
{Heap after GC invocations=20 (full 0):
 garbage-first heap   total 135168K, used 42340K [0x0000000705200000, 0x0000000800000000)
  region size 2048K, 4 young (8192K), 4 survivors (8192K)
 Metaspace       used 74088K, committed 74560K, reserved 1114112K
  class space    used 9901K, committed 10112K, reserved 1048576K
}
Event: 13.097 GC heap before
{Heap before GC invocations=20 (full 0):
 garbage-first heap   total 135168K, used 105828K [0x0000000705200000, 0x0000000800000000)
  region size 2048K, 35 young (71680K), 4 survivors (8192K)
 Metaspace       used 74300K, committed 74816K, reserved 1114112K
  class space    used 9923K, committed 10176K, reserved 1048576K
}
Event: 13.103 GC heap after
{Heap after GC invocations=21 (full 0):
 garbage-first heap   total 135168K, used 43827K [0x0000000705200000, 0x0000000800000000)
  region size 2048K, 4 young (8192K), 4 survivors (8192K)
 Metaspace       used 74300K, committed 74816K, reserved 1114112K
  class space    used 9923K, committed 10176K, reserved 1048576K
}
Event: 13.309 GC heap before
{Heap before GC invocations=21 (full 0):
 garbage-first heap   total 135168K, used 105267K [0x0000000705200000, 0x0000000800000000)
  region size 2048K, 34 young (69632K), 4 survivors (8192K)
 Metaspace       used 74696K, committed 75200K, reserved 1179648K
  class space    used 9947K, committed 10176K, reserved 1048576K
}
Event: 13.315 GC heap after
{Heap after GC invocations=22 (full 0):
 garbage-first heap   total 135168K, used 45984K [0x0000000705200000, 0x0000000800000000)
  region size 2048K, 3 young (6144K), 3 survivors (6144K)
 Metaspace       used 74696K, committed 75200K, reserved 1179648K
  class space    used 9947K, committed 10176K, reserved 1048576K
}
Event: 13.506 GC heap before
{Heap before GC invocations=22 (full 0):
 garbage-first heap   total 135168K, used 107424K [0x0000000705200000, 0x0000000800000000)
  region size 2048K, 33 young (67584K), 3 survivors (6144K)
 Metaspace       used 75069K, committed 75584K, reserved 1179648K
  class space    used 9976K, committed 10240K, reserved 1048576K
}
Event: 13.511 GC heap after
{Heap after GC invocations=23 (full 0):
 garbage-first heap   total 135168K, used 47966K [0x0000000705200000, 0x0000000800000000)
  region size 2048K, 3 young (6144K), 3 survivors (6144K)
 Metaspace       used 75069K, committed 75584K, reserved 1179648K
  class space    used 9976K, committed 10240K, reserved 1048576K
}
Event: 13.968 GC heap before
{Heap before GC invocations=23 (full 0):
 garbage-first heap   total 135168K, used 107358K [0x0000000705200000, 0x0000000800000000)
  region size 2048K, 32 young (65536K), 3 survivors (6144K)
 Metaspace       used 78788K, committed 79296K, reserved 1179648K
  class space    used 10505K, committed 10752K, reserved 1048576K
}

