# JRE version: OpenJDK Runtime Environment Temurin-17.0.10+7 (17.0.10+7) (build 17.0.10+7)
# Java VM: OpenJDK 64-Bit Server VM Temurin-17.0.10+7 (17.0.10+7, mixed mode, tiered, compressed oops, compressed class ptrs, g1 gc, windows-amd64)
GC Precious Log:
 CPUs: 8 total, 8 available
 Memory: 16051M
 Large Page Support: Disabled
 NUMA Support: Disabled
 Compressed Oops: Enabled (Zero based)
 Heap Region Size: 2M
 Heap Min Capacity: 8M
 Heap Initial Capacity: 252M
 Heap Max Capacity: 4014M
 Pre-touch: Disabled
 Parallel Workers: 8
 Concurrent Workers: 2
 Concurrent Refinement Workers: 8
 Periodic GC: Disabled
Heap:
 garbage-first heap   total 221184K, used 55165K [0x0000000705200000, 0x0000000800000000)
  region size 2048K, 10 young (20480K), 3 survivors (6144K)
 Metaspace       used 78688K, committed 79104K, reserved 1179648K
  class space    used 9881K, committed 10048K, reserved 1048576K
GC Heap History (20 events):
Event: 4.777 GC heap before
{Heap before GC invocations=12 (full 0):
 garbage-first heap   total 81920K, used 60177K [0x0000000705200000, 0x0000000800000000)
  region size 2048K, 19 young (38912K), 1 survivors (2048K)
 Metaspace       used 46565K, committed 46848K, reserved 1114112K
  class space    used 5545K, committed 5696K, reserved 1048576K
}
Event: 4.787 GC heap after
{Heap after GC invocations=13 (full 0):
 garbage-first heap   total 81920K, used 26656K [0x0000000705200000, 0x0000000800000000)
  region size 2048K, 3 young (6144K), 3 survivors (6144K)
 Metaspace       used 46565K, committed 46848K, reserved 1114112K
  class space    used 5545K, committed 5696K, reserved 1048576K
}
Event: 6.190 GC heap before
{Heap before GC invocations=13 (full 0):
 garbage-first heap   total 81920K, used 59424K [0x0000000705200000, 0x0000000800000000)
  region size 2048K, 19 young (38912K), 3 survivors (6144K)
 Metaspace       used 56445K, committed 56768K, reserved 1114112K
  class space    used 6950K, committed 7104K, reserved 1048576K
}
Event: 6.200 GC heap after
{Heap after GC invocations=14 (full 0):
 garbage-first heap   total 149504K, used 29012K [0x0000000705200000, 0x0000000800000000)
  region size 2048K, 2 young (4096K), 2 survivors (4096K)
 Metaspace       used 56445K, committed 56768K, reserved 1114112K
  class space    used 6950K, committed 7104K, reserved 1048576K
}
Event: 6.496 GC heap before
{Heap before GC invocations=14 (full 0):
 garbage-first heap   total 149504K, used 43348K [0x0000000705200000, 0x0000000800000000)
  region size 2048K, 10 young (20480K), 2 survivors (4096K)
 Metaspace       used 60453K, committed 60800K, reserved 1114112K
  class space    used 7523K, committed 7680K, reserved 1048576K
}
Event: 6.501 GC heap after
{Heap after GC invocations=15 (full 0):
 garbage-first heap   total 149504K, used 29817K [0x0000000705200000, 0x0000000800000000)
  region size 2048K, 2 young (4096K), 2 survivors (4096K)
 Metaspace       used 60453K, committed 60800K, reserved 1114112K
  class space    used 7523K, committed 7680K, reserved 1048576K
}
Event: 8.570 GC heap before
{Heap before GC invocations=16 (full 0):
 garbage-first heap   total 110592K, used 91257K [0x0000000705200000, 0x0000000800000000)
  region size 2048K, 32 young (65536K), 2 survivors (4096K)
 Metaspace       used 67909K, committed 68288K, reserved 1114112K
  class space    used 8573K, committed 8768K, reserved 1048576K
}
Event: 8.584 GC heap after
{Heap after GC invocations=17 (full 0):
 garbage-first heap   total 110592K, used 33593K [0x0000000705200000, 0x0000000800000000)
  region size 2048K, 4 young (8192K), 4 survivors (8192K)
 Metaspace       used 67909K, committed 68288K, reserved 1114112K
  class space    used 8573K, committed 8768K, reserved 1048576K
}
Event: 8.602 GC heap before
{Heap before GC invocations=17 (full 0):
 garbage-first heap   total 110592K, used 35641K [0x0000000705200000, 0x0000000800000000)
  region size 2048K, 5 young (10240K), 4 survivors (8192K)
 Metaspace       used 67959K, committed 68288K, reserved 1114112K
  class space    used 8574K, committed 8768K, reserved 1048576K
}
Event: 8.614 GC heap after
{Heap after GC invocations=18 (full 0):
 garbage-first heap   total 110592K, used 33796K [0x0000000705200000, 0x0000000800000000)
  region size 2048K, 1 young (2048K), 1 survivors (2048K)
 Metaspace       used 67959K, committed 68288K, reserved 1114112K
  class space    used 8574K, committed 8768K, reserved 1048576K
}
Event: 9.079 GC heap before
{Heap before GC invocations=18 (full 0):
 garbage-first heap   total 110592K, used 84996K [0x0000000705200000, 0x0000000800000000)
  region size 2048K, 26 young (53248K), 1 survivors (2048K)
 Metaspace       used 69912K, committed 70336K, reserved 1114112K
  class space    used 8810K, committed 9024K, reserved 1048576K
}
Event: 9.084 GC heap after
{Heap after GC invocations=19 (full 0):
 garbage-first heap   total 110592K, used 34202K [0x0000000705200000, 0x0000000800000000)
  region size 2048K, 1 young (2048K), 1 survivors (2048K)
 Metaspace       used 69912K, committed 70336K, reserved 1114112K
  class space    used 8810K, committed 9024K, reserved 1048576K
}
Event: 19.527 GC heap before
{Heap before GC invocations=19 (full 0):
 garbage-first heap   total 110592K, used 85402K [0x0000000705200000, 0x0000000800000000)
  region size 2048K, 26 young (53248K), 1 survivors (2048K)
 Metaspace       used 73865K, committed 74240K, reserved 1114112K
  class space    used 9355K, committed 9536K, reserved 1048576K
}
Event: 19.533 GC heap after
{Heap after GC invocations=20 (full 0):
 garbage-first heap   total 110592K, used 37051K [0x0000000705200000, 0x0000000800000000)
  region size 2048K, 3 young (6144K), 3 survivors (6144K)
 Metaspace       used 73865K, committed 74240K, reserved 1114112K
  class space    used 9355K, committed 9536K, reserved 1048576K
}
Event: 19.920 GC heap before
{Heap before GC invocations=20 (full 0):
 garbage-first heap   total 110592K, used 86203K [0x0000000705200000, 0x0000000800000000)
  region size 2048K, 27 young (55296K), 3 survivors (6144K)
 Metaspace       used 77249K, committed 77632K, reserved 1179648K
  class space    used 9774K, committed 9920K, reserved 1048576K
}
Event: 19.931 GC heap after
{Heap after GC invocations=21 (full 0):
 garbage-first heap   total 110592K, used 39210K [0x0000000705200000, 0x0000000800000000)
  region size 2048K, 3 young (6144K), 3 survivors (6144K)
 Metaspace       used 77249K, committed 77632K, reserved 1179648K
  class space    used 9774K, committed 9920K, reserved 1048576K
}
Event: 20.180 GC heap before
{Heap before GC invocations=21 (full 0):
 garbage-first heap   total 110592K, used 88362K [0x0000000705200000, 0x0000000800000000)
  region size 2048K, 27 young (55296K), 3 survivors (6144K)
 Metaspace       used 77619K, committed 77952K, reserved 1179648K
  class space    used 9793K, committed 9984K, reserved 1048576K
}
Event: 20.188 GC heap after
{Heap after GC invocations=22 (full 0):
 garbage-first heap   total 110592K, used 40837K [0x0000000705200000, 0x0000000800000000)
  region size 2048K, 2 young (4096K), 2 survivors (4096K)
 Metaspace       used 77619K, committed 77952K, reserved 1179648K
  class space    used 9793K, committed 9984K, reserved 1048576K
}
Event: 20.450 GC heap before
{Heap before GC invocations=22 (full 0):
 garbage-first heap   total 110592K, used 87941K [0x0000000705200000, 0x0000000800000000)
  region size 2048K, 25 young (51200K), 2 survivors (4096K)
 Metaspace       used 78661K, committed 79040K, reserved 1179648K
  class space    used 9881K, committed 10048K, reserved 1048576K
}
Event: 20.461 GC heap after
{Heap after GC invocations=23 (full 0):
 garbage-first heap   total 221184K, used 42877K [0x0000000705200000, 0x0000000800000000)
  region size 2048K, 3 young (6144K), 3 survivors (6144K)
 Metaspace       used 78661K, committed 79040K, reserved 1179648K
  class space    used 9881K, committed 10048K, reserved 1048576K
}

